[GIN-debug] [WARNING] Creating an Engine instance with the Logger and Recovery middleware already attached.

[GIN-debug] [WARNING] Running in "debug" mode. Switch to "release" mode in production.
 - using env:	export GIN_MODE=release
 - using code:	gin.SetMode(gin.ReleaseMode)

[GIN-debug] GET    /api                      --> mockernetes/internal/apis.APIHandler (3 handlers)
[GIN-debug] GET    /apis                     --> mockernetes/internal/apis.APIsHandler (3 handlers)
[GIN-debug] GET    /api/v1                   --> mockernetes/internal/apis.APIV1Handler (3 handlers)
[GIN-debug] GET    /apis/apps/v1             --> mockernetes/internal/apis.AppsV1Handler (3 handlers)
[GIN-debug] GET    /healthz                  --> mockernetes/internal/server.healthzHandler (3 handlers)
[GIN-debug] GET    /readyz                   --> mockernetes/internal/server.readyzHandler (3 handlers)
[GIN-debug] GET    /api/v1/namespaces        --> mockernetes/internal/apis.ListNamespaces (3 handlers)
[GIN-debug] POST   /api/v1/namespaces        --> mockernetes/internal/apis.CreateNamespace (3 handlers)
[GIN-debug] GET    /api/v1/pods              --> mockernetes/internal/apis.ListPods (3 handlers)
[GIN-debug] POST   /api/v1/pods              --> mockernetes/internal/apis.CreatePod (3 handlers)
[GIN-debug] GET    /api/v1/namespaces/:namespace/pods --> mockernetes/internal/apis.ListPods (3 handlers)
[GIN-debug] POST   /api/v1/namespaces/:namespace/pods --> mockernetes/internal/apis.CreatePod (3 handlers)
[GIN-debug] GET    /api/v1/configmaps        --> mockernetes/internal/apis.ListConfigMaps (3 handlers)
[GIN-debug] POST   /api/v1/configmaps        --> mockernetes/internal/apis.CreateConfigMap (3 handlers)
[GIN-debug] GET    /api/v1/namespaces/:namespace/configmaps --> mockernetes/internal/apis.ListConfigMaps (3 handlers)
[GIN-debug] POST   /api/v1/namespaces/:namespace/configmaps --> mockernetes/internal/apis.CreateConfigMap (3 handlers)
[GIN-debug] GET    /apis/apps/v1/deployments --> mockernetes/internal/apis.ListDeployments (3 handlers)
[GIN-debug] POST   /apis/apps/v1/deployments --> mockernetes/internal/apis.CreateDeployment (3 handlers)
[GIN-debug] GET    /apis/apps/v1/namespaces/:namespace/deployments --> mockernetes/internal/apis.ListDeployments (3 handlers)
[GIN-debug] POST   /apis/apps/v1/namespaces/:namespace/deployments --> mockernetes/internal/apis.CreateDeployment (3 handlers)
[GIN-debug] GET    /apis/apps/v1/replicasets --> mockernetes/internal/apis.ListReplicaSets (3 handlers)
[GIN-debug] POST   /apis/apps/v1/replicasets --> mockernetes/internal/apis.CreateReplicaSet (3 handlers)
[GIN-debug] GET    /apis/apps/v1/namespaces/:namespace/replicasets --> mockernetes/internal/apis.ListReplicaSets (3 handlers)
[GIN-debug] POST   /apis/apps/v1/namespaces/:namespace/replicasets --> mockernetes/internal/apis.CreateReplicaSet (3 handlers)
panic: listen tcp 127.0.0.1:8443: bind: address already in use

goroutine 1 [running]:
mockernetes/internal/server.NewServer()
	/testbed/mockernetes/internal/server/server.go:38 +0xf4
main.main()
	/testbed/mockernetes/cmd/apiserver/main.go:6 +0xf
